05-Sep-2025 10:51:24.308 INFO [main] org.apache.catalina.startup.VersionLoggerListener.log Server version name:   Apache Tomcat/8.5.100
05-Sep-2025 10:51:24.310 INFO [main] org.apache.catalina.startup.VersionLoggerListener.log Server built:          Mar 19 2024 13:54:42 UTC
05-Sep-2025 10:51:24.311 INFO [main] org.apache.catalina.startup.VersionLoggerListener.log Server version number: 8.5.100.0
05-Sep-2025 10:51:24.311 INFO [main] org.apache.catalina.startup.VersionLoggerListener.log OS Name:               Windows 11
05-Sep-2025 10:51:24.311 INFO [main] org.apache.catalina.startup.VersionLoggerListener.log OS Version:            10.0
05-Sep-2025 10:51:24.311 INFO [main] org.apache.catalina.startup.VersionLoggerListener.log Architecture:          amd64
05-Sep-2025 10:51:24.311 INFO [main] org.apache.catalina.startup.VersionLoggerListener.log Java Home:             C:\Program Files\Java\jdk-22
05-Sep-2025 10:51:24.312 INFO [main] org.apache.catalina.startup.VersionLoggerListener.log JVM Version:           22.0.1+8-16
05-Sep-2025 10:51:24.312 INFO [main] org.apache.catalina.startup.VersionLoggerListener.log JVM Vendor:            Oracle Corporation
05-Sep-2025 10:51:24.312 INFO [main] org.apache.catalina.startup.VersionLoggerListener.log CATALINA_BASE:         C:\Users\Admin\Desktop\GlobalBooksSOA\apache-tomcat-8.5.100
05-Sep-2025 10:51:24.312 INFO [main] org.apache.catalina.startup.VersionLoggerListener.log CATALINA_HOME:         C:\Users\Admin\Desktop\GlobalBooksSOA\apache-tomcat-8.5.100
05-Sep-2025 10:51:24.312 INFO [main] org.apache.catalina.startup.VersionLoggerListener.log Command line argument: --add-opens=java.base/java.lang=ALL-UNNAMED
05-Sep-2025 10:51:24.313 INFO [main] org.apache.catalina.startup.VersionLoggerListener.log Command line argument: --add-opens=java.base/java.io=ALL-UNNAMED
05-Sep-2025 10:51:24.313 INFO [main] org.apache.catalina.startup.VersionLoggerListener.log Command line argument: --add-opens=java.base/java.util=ALL-UNNAMED
05-Sep-2025 10:51:24.313 INFO [main] org.apache.catalina.startup.VersionLoggerListener.log Command line argument: --add-opens=java.base/java.util.concurrent=ALL-UNNAMED
05-Sep-2025 10:51:24.314 INFO [main] org.apache.catalina.startup.VersionLoggerListener.log Command line argument: --add-opens=java.rmi/sun.rmi.transport=ALL-UNNAMED
05-Sep-2025 10:51:24.314 INFO [main] org.apache.catalina.startup.VersionLoggerListener.log Command line argument: -Djava.util.logging.config.file=C:\Users\Admin\Desktop\GlobalBooksSOA\apache-tomcat-8.5.100\conf\logging.properties
05-Sep-2025 10:51:24.314 INFO [main] org.apache.catalina.startup.VersionLoggerListener.log Command line argument: -Djava.util.logging.manager=org.apache.juli.ClassLoaderLogManager
05-Sep-2025 10:51:24.314 INFO [main] org.apache.catalina.startup.VersionLoggerListener.log Command line argument: -Djdk.tls.ephemeralDHKeySize=2048
05-Sep-2025 10:51:24.314 INFO [main] org.apache.catalina.startup.VersionLoggerListener.log Command line argument: -Djava.protocol.handler.pkgs=org.apache.catalina.webresources
05-Sep-2025 10:51:24.314 INFO [main] org.apache.catalina.startup.VersionLoggerListener.log Command line argument: -Dignore.endorsed.dirs=
05-Sep-2025 10:51:24.314 INFO [main] org.apache.catalina.startup.VersionLoggerListener.log Command line argument: -Dcatalina.base=C:\Users\Admin\Desktop\GlobalBooksSOA\apache-tomcat-8.5.100
05-Sep-2025 10:51:24.315 INFO [main] org.apache.catalina.startup.VersionLoggerListener.log Command line argument: -Dcatalina.home=C:\Users\Admin\Desktop\GlobalBooksSOA\apache-tomcat-8.5.100
05-Sep-2025 10:51:24.315 INFO [main] org.apache.catalina.startup.VersionLoggerListener.log Command line argument: -Djava.io.tmpdir=C:\Users\Admin\Desktop\GlobalBooksSOA\apache-tomcat-8.5.100\temp
05-Sep-2025 10:51:24.315 INFO [main] org.apache.catalina.core.AprLifecycleListener.lifecycleEvent The Apache Tomcat Native library which allows using OpenSSL was not found on the java.library.path: [C:\Program Files\Java\jdk-22\bin;C:\WINDOWS\Sun\Java\bin;C:\WINDOWS\system32;C:\WINDOWS;C:\Program Files (x86)\Common Files\Intel\Shared Libraries\redist\intel64\compiler;C:\Program Files\Common Files\Oracle\Java\javapath;C:\Windows\system32;C:\Windows;C:\Windows\System32\Wbem;C:\Windows\System32\WindowsPowerShell\v1.0\;C:\Windows\System32\OpenSSH\;C:\Users\Admin\AppData\Local\Programs\Python\Python312;C:\Program Files (x86)\NVIDIA Corporation\PhysX\Common;C:\Program Files\Java\jdk-22\bin;C:\Program Files\Git\cmd;C:\Windows\System32\WindowsPowerShell\v1.0;C:\Program Files\IBM\SPSS\Statistics\25\JRE\bin;C:\Users\Admin\AppData\Local\Programs\Python\Python312\Scripts\;C:\Program Files\Docker\Docker\resources\bin;C:\Program Files\Kubernetes\Minikube;C:\Users\Admin\AppData\Roaming\nvm;C:\Program Files\nodejs;C:\flutter;C:\Program Files\Dart;C:\Program Files\Cloudflare\Cloudflare WARP\;C:\Program Files\NVIDIA Corporation\NVIDIA App\NvDLISR;C:\Program Files (x86)\Windows Kits\10\Windows Performance Toolkit\;C:\Program Files\dotnet\;C:\Program Files\nodejs\;C:\WINDOWS\system32;C:\WINDOWS;C:\WINDOWS\System32\Wbem;C:\WINDOWS\System32\WindowsPowerShell\v1.0\;C:\WINDOWS\System32\OpenSSH\;C:\Users\Admin\AppData\Local\Programs\Python\Launcher\;C:\Users\Admin\AppData\Local\Microsoft\WindowsApps;C:\Users\Admin\AppData\Local\GitHubDesktop\bin;C:\flutter\bin;C:\Users\Admin\AppData\Local\Programs\Microsoft VS Code\bin;C:\Users\Admin\AppData\Roaming\nvm;C:\Program Files\nodejs;C:\Users\Admin\AppData\Roaming\npm;C:\Users\Admin\.dotnet\tools;C:\Program Files\JetBrains\IntelliJ IDEA Community Edition 2025.2.1\bin;C:\Users\Admin\AppData\Local\Programs\cursor\resources\app\bin;.]
05-Sep-2025 10:51:24.350 INFO [main] org.apache.coyote.AbstractProtocol.init Initializing ProtocolHandler ["http-nio-8080"]
05-Sep-2025 10:51:24.372 INFO [main] org.apache.catalina.startup.Catalina.load Initialization processed in 478 ms
05-Sep-2025 10:51:24.414 INFO [main] org.apache.catalina.core.StandardService.startInternal Starting service [Catalina]
05-Sep-2025 10:51:24.414 INFO [main] org.apache.catalina.core.StandardEngine.startInternal Starting Servlet engine: [Apache Tomcat/8.5.100]
05-Sep-2025 10:51:24.430 INFO [localhost-startStop-1] org.apache.catalina.startup.HostConfig.deployWAR Deploying web application archive [C:\Users\Admin\Desktop\GlobalBooksSOA\apache-tomcat-8.5.100\webapps\ode.war]
05-Sep-2025 10:51:31.578 INFO [localhost-startStop-1] org.apache.jasper.servlet.TldScanner.scanJars At least one JAR was scanned for TLDs yet contained no TLDs. Enable debug logging for this logger for a complete list of JARs that were scanned but no TLDs were found in them. Skipping unneeded JARs during scanning can improve startup time and JSP compilation time.
05-Sep-2025 10:51:44.074 INFO [localhost-startStop-1] org.apache.catalina.startup.HostConfig.deployWAR Deployment of web application archive [C:\Users\Admin\Desktop\GlobalBooksSOA\apache-tomcat-8.5.100\webapps\ode.war] has finished in [19,644] ms
05-Sep-2025 10:51:44.076 INFO [localhost-startStop-1] org.apache.catalina.startup.HostConfig.deployDirectory Deploying web application directory [C:\Users\Admin\Desktop\GlobalBooksSOA\apache-tomcat-8.5.100\webapps\docs]
05-Sep-2025 10:51:44.096 INFO [localhost-startStop-1] org.apache.catalina.startup.HostConfig.deployDirectory Deployment of web application directory [C:\Users\Admin\Desktop\GlobalBooksSOA\apache-tomcat-8.5.100\webapps\docs] has finished in [21] ms
05-Sep-2025 10:51:44.097 INFO [localhost-startStop-1] org.apache.catalina.startup.HostConfig.deployDirectory Deploying web application directory [C:\Users\Admin\Desktop\GlobalBooksSOA\apache-tomcat-8.5.100\webapps\examples]
05-Sep-2025 10:51:44.751 INFO [localhost-startStop-1] org.apache.catalina.startup.HostConfig.deployDirectory Deployment of web application directory [C:\Users\Admin\Desktop\GlobalBooksSOA\apache-tomcat-8.5.100\webapps\examples] has finished in [654] ms
05-Sep-2025 10:51:44.752 INFO [localhost-startStop-1] org.apache.catalina.startup.HostConfig.deployDirectory Deploying web application directory [C:\Users\Admin\Desktop\GlobalBooksSOA\apache-tomcat-8.5.100\webapps\host-manager]
05-Sep-2025 10:51:44.813 INFO [localhost-startStop-1] org.apache.catalina.startup.HostConfig.deployDirectory Deployment of web application directory [C:\Users\Admin\Desktop\GlobalBooksSOA\apache-tomcat-8.5.100\webapps\host-manager] has finished in [60] ms
05-Sep-2025 10:51:44.813 INFO [localhost-startStop-1] org.apache.catalina.startup.HostConfig.deployDirectory Deploying web application directory [C:\Users\Admin\Desktop\GlobalBooksSOA\apache-tomcat-8.5.100\webapps\manager]
05-Sep-2025 10:51:44.860 INFO [localhost-startStop-1] org.apache.catalina.startup.HostConfig.deployDirectory Deployment of web application directory [C:\Users\Admin\Desktop\GlobalBooksSOA\apache-tomcat-8.5.100\webapps\manager] has finished in [46] ms
05-Sep-2025 10:51:44.861 INFO [localhost-startStop-1] org.apache.catalina.startup.HostConfig.deployDirectory Deploying web application directory [C:\Users\Admin\Desktop\GlobalBooksSOA\apache-tomcat-8.5.100\webapps\ROOT]
05-Sep-2025 10:51:44.898 INFO [localhost-startStop-1] org.apache.catalina.startup.HostConfig.deployDirectory Deployment of web application directory [C:\Users\Admin\Desktop\GlobalBooksSOA\apache-tomcat-8.5.100\webapps\ROOT] has finished in [36] ms
05-Sep-2025 10:51:44.902 INFO [main] org.apache.coyote.AbstractProtocol.start Starting ProtocolHandler ["http-nio-8080"]
05-Sep-2025 10:51:44.934 INFO [main] org.apache.catalina.startup.Catalina.start Server startup in 20560 ms
05-Sep-2025 11:01:17.018 INFO [Thread-12] org.apache.coyote.AbstractProtocol.pause Pausing ProtocolHandler ["http-nio-8080"]
05-Sep-2025 11:01:17.029 INFO [Thread-12] org.apache.catalina.core.StandardService.stopInternal Stopping service [Catalina]
05-Sep-2025 11:01:17.155 WARNING [localhost-startStop-2] org.apache.catalina.loader.WebappClassLoaderBase.clearReferencesJdbc The web application [ode] registered the JDBC driver [org.apache.derby.jdbc.AutoloadedDriver] but failed to unregister it when the web application was stopped. To prevent a memory leak, the JDBC Driver has been forcibly unregistered.
05-Sep-2025 11:01:17.156 WARNING [localhost-startStop-2] org.apache.catalina.loader.WebappClassLoaderBase.clearReferencesThreads The web application [ode] appears to have started a thread named [RetryTimer] but has failed to stop it. This is very likely to create a memory leak. Stack trace of thread:
 java.base/java.lang.Object.wait0(Native Method)
 java.base/java.lang.Object.wait(Object.java:375)
 java.base/java.lang.Object.wait(Object.java:348)
 java.base/java.util.TimerThread.mainLoop(Timer.java:542)
 java.base/java.util.TimerThread.run(Timer.java:521)
05-Sep-2025 11:01:17.156 WARNING [localhost-startStop-2] org.apache.catalina.loader.WebappClassLoaderBase.clearReferencesThreads The web application [ode] appears to have started a thread named [PoolIdleReleaseTimer] but has failed to stop it. This is very likely to create a memory leak. Stack trace of thread:
 java.base/java.lang.Object.wait0(Native Method)
 java.base/java.lang.Object.wait(Object.java:375)
 java.base/java.util.TimerThread.mainLoop(Timer.java:568)
 java.base/java.util.TimerThread.run(Timer.java:521)
05-Sep-2025 11:01:17.157 WARNING [localhost-startStop-2] org.apache.catalina.loader.WebappClassLoaderBase.clearReferencesThreads The web application [ode] appears to have started a thread named [RetryTimer] but has failed to stop it. This is very likely to create a memory leak. Stack trace of thread:
 java.base/java.lang.Object.wait0(Native Method)
 java.base/java.lang.Object.wait(Object.java:375)
 java.base/java.lang.Object.wait(Object.java:348)
 java.base/java.util.TimerThread.mainLoop(Timer.java:542)
 java.base/java.util.TimerThread.run(Timer.java:521)
05-Sep-2025 11:01:17.181 INFO [Thread-12] org.apache.coyote.AbstractProtocol.stop Stopping ProtocolHandler ["http-nio-8080"]
05-Sep-2025 11:01:17.188 INFO [Thread-12] org.apache.coyote.AbstractProtocol.destroy Destroying ProtocolHandler ["http-nio-8080"]
05-Sep-2025 11:10:47.472 INFO [main] org.apache.catalina.startup.VersionLoggerListener.log Server version name:   Apache Tomcat/8.5.100
05-Sep-2025 11:10:47.474 INFO [main] org.apache.catalina.startup.VersionLoggerListener.log Server built:          Mar 19 2024 13:54:42 UTC
05-Sep-2025 11:10:47.475 INFO [main] org.apache.catalina.startup.VersionLoggerListener.log Server version number: 8.5.100.0
05-Sep-2025 11:10:47.475 INFO [main] org.apache.catalina.startup.VersionLoggerListener.log OS Name:               Windows 11
05-Sep-2025 11:10:47.476 INFO [main] org.apache.catalina.startup.VersionLoggerListener.log OS Version:            10.0
05-Sep-2025 11:10:47.476 INFO [main] org.apache.catalina.startup.VersionLoggerListener.log Architecture:          amd64
05-Sep-2025 11:10:47.476 INFO [main] org.apache.catalina.startup.VersionLoggerListener.log Java Home:             C:\Program Files\Java\jdk-22
05-Sep-2025 11:10:47.477 INFO [main] org.apache.catalina.startup.VersionLoggerListener.log JVM Version:           22.0.1+8-16
05-Sep-2025 11:10:47.477 INFO [main] org.apache.catalina.startup.VersionLoggerListener.log JVM Vendor:            Oracle Corporation
05-Sep-2025 11:10:47.477 INFO [main] org.apache.catalina.startup.VersionLoggerListener.log CATALINA_BASE:         C:\Users\Admin\Desktop\GlobalBooksSOA\apache-tomcat-8.5.100
05-Sep-2025 11:10:47.477 INFO [main] org.apache.catalina.startup.VersionLoggerListener.log CATALINA_HOME:         C:\Users\Admin\Desktop\GlobalBooksSOA\apache-tomcat-8.5.100
05-Sep-2025 11:10:47.478 INFO [main] org.apache.catalina.startup.VersionLoggerListener.log Command line argument: --add-opens=java.base/java.lang=ALL-UNNAMED
05-Sep-2025 11:10:47.478 INFO [main] org.apache.catalina.startup.VersionLoggerListener.log Command line argument: --add-opens=java.base/java.io=ALL-UNNAMED
05-Sep-2025 11:10:47.478 INFO [main] org.apache.catalina.startup.VersionLoggerListener.log Command line argument: --add-opens=java.base/java.util=ALL-UNNAMED
05-Sep-2025 11:10:47.478 INFO [main] org.apache.catalina.startup.VersionLoggerListener.log Command line argument: --add-opens=java.base/java.util.concurrent=ALL-UNNAMED
05-Sep-2025 11:10:47.478 INFO [main] org.apache.catalina.startup.VersionLoggerListener.log Command line argument: --add-opens=java.rmi/sun.rmi.transport=ALL-UNNAMED
05-Sep-2025 11:10:47.478 INFO [main] org.apache.catalina.startup.VersionLoggerListener.log Command line argument: -Djava.util.logging.config.file=C:\Users\Admin\Desktop\GlobalBooksSOA\apache-tomcat-8.5.100\conf\logging.properties
05-Sep-2025 11:10:47.479 INFO [main] org.apache.catalina.startup.VersionLoggerListener.log Command line argument: -Djava.util.logging.manager=org.apache.juli.ClassLoaderLogManager
05-Sep-2025 11:10:47.479 INFO [main] org.apache.catalina.startup.VersionLoggerListener.log Command line argument: -Djdk.tls.ephemeralDHKeySize=2048
05-Sep-2025 11:10:47.479 INFO [main] org.apache.catalina.startup.VersionLoggerListener.log Command line argument: -Djava.protocol.handler.pkgs=org.apache.catalina.webresources
05-Sep-2025 11:10:47.479 INFO [main] org.apache.catalina.startup.VersionLoggerListener.log Command line argument: -Dignore.endorsed.dirs=
05-Sep-2025 11:10:47.479 INFO [main] org.apache.catalina.startup.VersionLoggerListener.log Command line argument: -Dcatalina.base=C:\Users\Admin\Desktop\GlobalBooksSOA\apache-tomcat-8.5.100
05-Sep-2025 11:10:47.479 INFO [main] org.apache.catalina.startup.VersionLoggerListener.log Command line argument: -Dcatalina.home=C:\Users\Admin\Desktop\GlobalBooksSOA\apache-tomcat-8.5.100
05-Sep-2025 11:10:47.480 INFO [main] org.apache.catalina.startup.VersionLoggerListener.log Command line argument: -Djava.io.tmpdir=C:\Users\Admin\Desktop\GlobalBooksSOA\apache-tomcat-8.5.100\temp
05-Sep-2025 11:10:47.480 INFO [main] org.apache.catalina.core.AprLifecycleListener.lifecycleEvent The Apache Tomcat Native library which allows using OpenSSL was not found on the java.library.path: [C:\Program Files\Java\jdk-22\bin;C:\WINDOWS\Sun\Java\bin;C:\WINDOWS\system32;C:\WINDOWS;C:\Program Files (x86)\Common Files\Intel\Shared Libraries\redist\intel64\compiler;C:\Program Files\Common Files\Oracle\Java\javapath;C:\Windows\system32;C:\Windows;C:\Windows\System32\Wbem;C:\Windows\System32\WindowsPowerShell\v1.0\;C:\Windows\System32\OpenSSH\;C:\Users\Admin\AppData\Local\Programs\Python\Python312;C:\Program Files (x86)\NVIDIA Corporation\PhysX\Common;C:\Program Files\Java\jdk-22\bin;C:\Program Files\Git\cmd;C:\Windows\System32\WindowsPowerShell\v1.0;C:\Program Files\IBM\SPSS\Statistics\25\JRE\bin;C:\Users\Admin\AppData\Local\Programs\Python\Python312\Scripts\;C:\Program Files\Docker\Docker\resources\bin;C:\Program Files\Kubernetes\Minikube;C:\Users\Admin\AppData\Roaming\nvm;C:\Program Files\nodejs;C:\flutter;C:\Program Files\Dart;C:\Program Files\Cloudflare\Cloudflare WARP\;C:\Program Files\NVIDIA Corporation\NVIDIA App\NvDLISR;C:\Program Files (x86)\Windows Kits\10\Windows Performance Toolkit\;C:\Program Files\dotnet\;C:\Program Files\nodejs\;C:\WINDOWS\system32;C:\WINDOWS;C:\WINDOWS\System32\Wbem;C:\WINDOWS\System32\WindowsPowerShell\v1.0\;C:\WINDOWS\System32\OpenSSH\;C:\Users\Admin\AppData\Local\Programs\Python\Launcher\;C:\Users\Admin\AppData\Local\Microsoft\WindowsApps;C:\Users\Admin\AppData\Local\GitHubDesktop\bin;C:\flutter\bin;C:\Users\Admin\AppData\Local\Programs\Microsoft VS Code\bin;C:\Users\Admin\AppData\Roaming\nvm;C:\Program Files\nodejs;C:\Users\Admin\AppData\Roaming\npm;C:\Users\Admin\.dotnet\tools;C:\Program Files\JetBrains\IntelliJ IDEA Community Edition 2025.2.1\bin;C:\Users\Admin\AppData\Local\Programs\cursor\resources\app\bin;.]
05-Sep-2025 11:10:47.512 INFO [main] org.apache.coyote.AbstractProtocol.init Initializing ProtocolHandler ["http-nio-8080"]
05-Sep-2025 11:10:47.535 INFO [main] org.apache.catalina.startup.Catalina.load Initialization processed in 442 ms
05-Sep-2025 11:10:47.566 INFO [main] org.apache.catalina.core.StandardService.startInternal Starting service [Catalina]
05-Sep-2025 11:10:47.566 INFO [main] org.apache.catalina.core.StandardEngine.startInternal Starting Servlet engine: [Apache Tomcat/8.5.100]
05-Sep-2025 11:10:47.588 INFO [localhost-startStop-1] org.apache.catalina.startup.HostConfig.deployWAR Deploying web application archive [C:\Users\Admin\Desktop\GlobalBooksSOA\apache-tomcat-8.5.100\webapps\ode.war]
05-Sep-2025 11:10:52.540 INFO [localhost-startStop-1] org.apache.jasper.servlet.TldScanner.scanJars At least one JAR was scanned for TLDs yet contained no TLDs. Enable debug logging for this logger for a complete list of JARs that were scanned but no TLDs were found in them. Skipping unneeded JARs during scanning can improve startup time and JSP compilation time.
05-Sep-2025 11:11:03.995 INFO [localhost-startStop-1] org.apache.catalina.startup.HostConfig.deployWAR Deployment of web application archive [C:\Users\Admin\Desktop\GlobalBooksSOA\apache-tomcat-8.5.100\webapps\ode.war] has finished in [16,407] ms
05-Sep-2025 11:11:03.999 INFO [localhost-startStop-1] org.apache.catalina.startup.HostConfig.deployDirectory Deploying web application directory [C:\Users\Admin\Desktop\GlobalBooksSOA\apache-tomcat-8.5.100\webapps\docs]
05-Sep-2025 11:11:04.068 INFO [localhost-startStop-1] org.apache.catalina.startup.HostConfig.deployDirectory Deployment of web application directory [C:\Users\Admin\Desktop\GlobalBooksSOA\apache-tomcat-8.5.100\webapps\docs] has finished in [69] ms
05-Sep-2025 11:11:04.068 INFO [localhost-startStop-1] org.apache.catalina.startup.HostConfig.deployDirectory Deploying web application directory [C:\Users\Admin\Desktop\GlobalBooksSOA\apache-tomcat-8.5.100\webapps\examples]
05-Sep-2025 11:11:04.867 INFO [localhost-startStop-1] org.apache.catalina.startup.HostConfig.deployDirectory Deployment of web application directory [C:\Users\Admin\Desktop\GlobalBooksSOA\apache-tomcat-8.5.100\webapps\examples] has finished in [799] ms
05-Sep-2025 11:11:04.868 INFO [localhost-startStop-1] org.apache.catalina.startup.HostConfig.deployDirectory Deploying web application directory [C:\Users\Admin\Desktop\GlobalBooksSOA\apache-tomcat-8.5.100\webapps\host-manager]
05-Sep-2025 11:11:04.938 INFO [localhost-startStop-1] org.apache.catalina.startup.HostConfig.deployDirectory Deployment of web application directory [C:\Users\Admin\Desktop\GlobalBooksSOA\apache-tomcat-8.5.100\webapps\host-manager] has finished in [69] ms
05-Sep-2025 11:11:04.938 INFO [localhost-startStop-1] org.apache.catalina.startup.HostConfig.deployDirectory Deploying web application directory [C:\Users\Admin\Desktop\GlobalBooksSOA\apache-tomcat-8.5.100\webapps\manager]
05-Sep-2025 11:11:04.992 INFO [localhost-startStop-1] org.apache.catalina.startup.HostConfig.deployDirectory Deployment of web application directory [C:\Users\Admin\Desktop\GlobalBooksSOA\apache-tomcat-8.5.100\webapps\manager] has finished in [54] ms
05-Sep-2025 11:11:04.992 INFO [localhost-startStop-1] org.apache.catalina.startup.HostConfig.deployDirectory Deploying web application directory [C:\Users\Admin\Desktop\GlobalBooksSOA\apache-tomcat-8.5.100\webapps\ROOT]
05-Sep-2025 11:11:05.026 INFO [localhost-startStop-1] org.apache.catalina.startup.HostConfig.deployDirectory Deployment of web application directory [C:\Users\Admin\Desktop\GlobalBooksSOA\apache-tomcat-8.5.100\webapps\ROOT] has finished in [34] ms
05-Sep-2025 11:11:05.035 INFO [main] org.apache.coyote.AbstractProtocol.start Starting ProtocolHandler ["http-nio-8080"]
05-Sep-2025 11:11:05.059 INFO [main] org.apache.catalina.startup.Catalina.start Server startup in 17523 ms
05-Sep-2025 12:14:36.239 INFO [Thread-12] org.apache.coyote.AbstractProtocol.pause Pausing ProtocolHandler ["http-nio-8080"]
05-Sep-2025 12:14:36.255 INFO [Thread-12] org.apache.catalina.core.StandardService.stopInternal Stopping service [Catalina]
05-Sep-2025 12:14:36.390 WARNING [localhost-startStop-2] org.apache.catalina.loader.WebappClassLoaderBase.clearReferencesJdbc The web application [ode] registered the JDBC driver [org.apache.derby.jdbc.AutoloadedDriver] but failed to unregister it when the web application was stopped. To prevent a memory leak, the JDBC Driver has been forcibly unregistered.
05-Sep-2025 12:14:36.390 WARNING [localhost-startStop-2] org.apache.catalina.loader.WebappClassLoaderBase.clearReferencesThreads The web application [ode] appears to have started a thread named [RetryTimer] but has failed to stop it. This is very likely to create a memory leak. Stack trace of thread:
 java.base/java.lang.Object.wait0(Native Method)
 java.base/java.lang.Object.wait(Object.java:375)
 java.base/java.lang.Object.wait(Object.java:348)
 java.base/java.util.TimerThread.mainLoop(Timer.java:542)
 java.base/java.util.TimerThread.run(Timer.java:521)
05-Sep-2025 12:14:36.390 WARNING [localhost-startStop-2] org.apache.catalina.loader.WebappClassLoaderBase.clearReferencesThreads The web application [ode] appears to have started a thread named [PoolIdleReleaseTimer] but has failed to stop it. This is very likely to create a memory leak. Stack trace of thread:
 java.base/java.lang.Object.wait0(Native Method)
 java.base/java.lang.Object.wait(Object.java:375)
 java.base/java.util.TimerThread.mainLoop(Timer.java:568)
 java.base/java.util.TimerThread.run(Timer.java:521)
05-Sep-2025 12:14:36.390 WARNING [localhost-startStop-2] org.apache.catalina.loader.WebappClassLoaderBase.clearReferencesThreads The web application [ode] appears to have started a thread named [RetryTimer] but has failed to stop it. This is very likely to create a memory leak. Stack trace of thread:
 java.base/java.lang.Object.wait0(Native Method)
 java.base/java.lang.Object.wait(Object.java:375)
 java.base/java.lang.Object.wait(Object.java:348)
 java.base/java.util.TimerThread.mainLoop(Timer.java:542)
 java.base/java.util.TimerThread.run(Timer.java:521)
05-Sep-2025 12:14:36.390 SEVERE [localhost-startStop-2] org.apache.catalina.loader.WebappClassLoaderBase.checkThreadLocalMapForLeaks The web application [ode] created a ThreadLocal with key of type [java.lang.ThreadLocal] (value [java.lang.ThreadLocal@55446acb]) and a value of type [org.apache.derby.iapi.services.context.ContextManager] (value [org.apache.derby.iapi.services.context.ContextManager@4ff09311]) but failed to remove it when the web application was stopped. Threads are going to be renewed over time to try and avoid a probable memory leak.
05-Sep-2025 12:14:36.406 INFO [Thread-12] org.apache.coyote.AbstractProtocol.stop Stopping ProtocolHandler ["http-nio-8080"]
05-Sep-2025 12:14:36.424 INFO [Thread-12] org.apache.coyote.AbstractProtocol.destroy Destroying ProtocolHandler ["http-nio-8080"]
05-Sep-2025 18:49:25.104 INFO [main] org.apache.catalina.startup.VersionLoggerListener.log Server version name:   Apache Tomcat/8.5.100
05-Sep-2025 18:49:25.120 INFO [main] org.apache.catalina.startup.VersionLoggerListener.log Server built:          Mar 19 2024 13:54:42 UTC
05-Sep-2025 18:49:25.120 INFO [main] org.apache.catalina.startup.VersionLoggerListener.log Server version number: 8.5.100.0
05-Sep-2025 18:49:25.121 INFO [main] org.apache.catalina.startup.VersionLoggerListener.log OS Name:               Windows 11
05-Sep-2025 18:49:25.121 INFO [main] org.apache.catalina.startup.VersionLoggerListener.log OS Version:            10.0
05-Sep-2025 18:49:25.121 INFO [main] org.apache.catalina.startup.VersionLoggerListener.log Architecture:          amd64
05-Sep-2025 18:49:25.121 INFO [main] org.apache.catalina.startup.VersionLoggerListener.log Java Home:             C:\Program Files\Java\jdk-22
05-Sep-2025 18:49:25.121 INFO [main] org.apache.catalina.startup.VersionLoggerListener.log JVM Version:           22.0.1+8-16
05-Sep-2025 18:49:25.121 INFO [main] org.apache.catalina.startup.VersionLoggerListener.log JVM Vendor:            Oracle Corporation
05-Sep-2025 18:49:25.121 INFO [main] org.apache.catalina.startup.VersionLoggerListener.log CATALINA_BASE:         C:\Users\Admin\Desktop\GlobalBooksSOA\apache-tomcat-8.5.100
05-Sep-2025 18:49:25.121 INFO [main] org.apache.catalina.startup.VersionLoggerListener.log CATALINA_HOME:         C:\Users\Admin\Desktop\GlobalBooksSOA\apache-tomcat-8.5.100
05-Sep-2025 18:49:25.121 INFO [main] org.apache.catalina.startup.VersionLoggerListener.log Command line argument: --add-opens=java.base/java.lang=ALL-UNNAMED
05-Sep-2025 18:49:25.121 INFO [main] org.apache.catalina.startup.VersionLoggerListener.log Command line argument: --add-opens=java.base/java.io=ALL-UNNAMED
05-Sep-2025 18:49:25.121 INFO [main] org.apache.catalina.startup.VersionLoggerListener.log Command line argument: --add-opens=java.base/java.util=ALL-UNNAMED
05-Sep-2025 18:49:25.121 INFO [main] org.apache.catalina.startup.VersionLoggerListener.log Command line argument: --add-opens=java.base/java.util.concurrent=ALL-UNNAMED
05-Sep-2025 18:49:25.121 INFO [main] org.apache.catalina.startup.VersionLoggerListener.log Command line argument: --add-opens=java.rmi/sun.rmi.transport=ALL-UNNAMED
05-Sep-2025 18:49:25.121 INFO [main] org.apache.catalina.startup.VersionLoggerListener.log Command line argument: -Djava.util.logging.config.file=C:\Users\Admin\Desktop\GlobalBooksSOA\apache-tomcat-8.5.100\conf\logging.properties
05-Sep-2025 18:49:25.121 INFO [main] org.apache.catalina.startup.VersionLoggerListener.log Command line argument: -Djava.util.logging.manager=org.apache.juli.ClassLoaderLogManager
05-Sep-2025 18:49:25.121 INFO [main] org.apache.catalina.startup.VersionLoggerListener.log Command line argument: -Djdk.tls.ephemeralDHKeySize=2048
05-Sep-2025 18:49:25.121 INFO [main] org.apache.catalina.startup.VersionLoggerListener.log Command line argument: -Djava.protocol.handler.pkgs=org.apache.catalina.webresources
05-Sep-2025 18:49:25.121 INFO [main] org.apache.catalina.startup.VersionLoggerListener.log Command line argument: -Dignore.endorsed.dirs=
05-Sep-2025 18:49:25.121 INFO [main] org.apache.catalina.startup.VersionLoggerListener.log Command line argument: -Dcatalina.base=C:\Users\Admin\Desktop\GlobalBooksSOA\apache-tomcat-8.5.100
05-Sep-2025 18:49:25.121 INFO [main] org.apache.catalina.startup.VersionLoggerListener.log Command line argument: -Dcatalina.home=C:\Users\Admin\Desktop\GlobalBooksSOA\apache-tomcat-8.5.100
05-Sep-2025 18:49:25.121 INFO [main] org.apache.catalina.startup.VersionLoggerListener.log Command line argument: -Djava.io.tmpdir=C:\Users\Admin\Desktop\GlobalBooksSOA\apache-tomcat-8.5.100\temp
05-Sep-2025 18:49:25.121 INFO [main] org.apache.catalina.core.AprLifecycleListener.lifecycleEvent The Apache Tomcat Native library which allows using OpenSSL was not found on the java.library.path: [C:\Program Files\Java\jdk-22\bin;C:\WINDOWS\Sun\Java\bin;C:\WINDOWS\system32;C:\WINDOWS;C:\Program Files (x86)\Common Files\Intel\Shared Libraries\redist\intel64\compiler;C:\Program Files\Common Files\Oracle\Java\javapath;C:\Windows\system32;C:\Windows;C:\Windows\System32\Wbem;C:\Windows\System32\WindowsPowerShell\v1.0\;C:\Windows\System32\OpenSSH\;C:\Users\Admin\AppData\Local\Programs\Python\Python312;C:\Program Files (x86)\NVIDIA Corporation\PhysX\Common;C:\Program Files\Java\jdk-22\bin;C:\Program Files\Git\cmd;C:\Windows\System32\WindowsPowerShell\v1.0;C:\Program Files\IBM\SPSS\Statistics\25\JRE\bin;C:\Users\Admin\AppData\Local\Programs\Python\Python312\Scripts\;C:\Program Files\Docker\Docker\resources\bin;C:\Program Files\Kubernetes\Minikube;C:\Users\Admin\AppData\Roaming\nvm;C:\Program Files\nodejs;C:\flutter;C:\Program Files\Dart;C:\Program Files\Cloudflare\Cloudflare WARP\;C:\Program Files\NVIDIA Corporation\NVIDIA App\NvDLISR;C:\Program Files (x86)\Windows Kits\10\Windows Performance Toolkit\;C:\Program Files\dotnet\;C:\Program Files\nodejs\;C:\WINDOWS\system32;C:\WINDOWS;C:\WINDOWS\System32\Wbem;C:\WINDOWS\System32\WindowsPowerShell\v1.0\;C:\WINDOWS\System32\OpenSSH\;C:\Users\Admin\AppData\Local\Programs\Python\Launcher\;C:\Users\Admin\AppData\Local\Microsoft\WindowsApps;C:\Users\Admin\AppData\Local\GitHubDesktop\bin;C:\flutter\bin;C:\Users\Admin\AppData\Local\Programs\Microsoft VS Code\bin;C:\Users\Admin\AppData\Roaming\nvm;C:\Program Files\nodejs;C:\Users\Admin\AppData\Roaming\npm;C:\Users\Admin\.dotnet\tools;C:\Program Files\JetBrains\IntelliJ IDEA Community Edition 2025.2.1\bin;C:\Users\Admin\AppData\Local\Programs\cursor\resources\app\bin;.]
05-Sep-2025 18:49:25.215 INFO [main] org.apache.coyote.AbstractProtocol.init Initializing ProtocolHandler ["http-nio-8080"]
05-Sep-2025 18:49:25.348 INFO [main] org.apache.catalina.startup.Catalina.load Initialization processed in 649 ms
05-Sep-2025 18:49:25.546 INFO [main] org.apache.catalina.core.StandardService.startInternal Starting service [Catalina]
05-Sep-2025 18:49:25.546 INFO [main] org.apache.catalina.core.StandardEngine.startInternal Starting Servlet engine: [Apache Tomcat/8.5.100]
05-Sep-2025 18:49:25.568 INFO [localhost-startStop-1] org.apache.catalina.startup.HostConfig.deployWAR Deploying web application archive [C:\Users\Admin\Desktop\GlobalBooksSOA\apache-tomcat-8.5.100\webapps\ode.war]
05-Sep-2025 18:49:35.962 INFO [localhost-startStop-1] org.apache.jasper.servlet.TldScanner.scanJars At least one JAR was scanned for TLDs yet contained no TLDs. Enable debug logging for this logger for a complete list of JARs that were scanned but no TLDs were found in them. Skipping unneeded JARs during scanning can improve startup time and JSP compilation time.
05-Sep-2025 18:49:51.031 INFO [localhost-startStop-1] org.apache.catalina.startup.HostConfig.deployWAR Deployment of web application archive [C:\Users\Admin\Desktop\GlobalBooksSOA\apache-tomcat-8.5.100\webapps\ode.war] has finished in [25,463] ms
05-Sep-2025 18:49:51.031 INFO [localhost-startStop-1] org.apache.catalina.startup.HostConfig.deployDirectory Deploying web application directory [C:\Users\Admin\Desktop\GlobalBooksSOA\apache-tomcat-8.5.100\webapps\docs]
05-Sep-2025 18:49:51.122 INFO [localhost-startStop-1] org.apache.catalina.startup.HostConfig.deployDirectory Deployment of web application directory [C:\Users\Admin\Desktop\GlobalBooksSOA\apache-tomcat-8.5.100\webapps\docs] has finished in [91] ms
05-Sep-2025 18:49:51.122 INFO [localhost-startStop-1] org.apache.catalina.startup.HostConfig.deployDirectory Deploying web application directory [C:\Users\Admin\Desktop\GlobalBooksSOA\apache-tomcat-8.5.100\webapps\examples]
05-Sep-2025 18:49:52.244 INFO [localhost-startStop-1] org.apache.catalina.startup.HostConfig.deployDirectory Deployment of web application directory [C:\Users\Admin\Desktop\GlobalBooksSOA\apache-tomcat-8.5.100\webapps\examples] has finished in [1,122] ms
05-Sep-2025 18:49:52.244 INFO [localhost-startStop-1] org.apache.catalina.startup.HostConfig.deployDirectory Deploying web application directory [C:\Users\Admin\Desktop\GlobalBooksSOA\apache-tomcat-8.5.100\webapps\host-manager]
05-Sep-2025 18:49:52.336 INFO [localhost-startStop-1] org.apache.catalina.startup.HostConfig.deployDirectory Deployment of web application directory [C:\Users\Admin\Desktop\GlobalBooksSOA\apache-tomcat-8.5.100\webapps\host-manager] has finished in [92] ms
05-Sep-2025 18:49:52.336 INFO [localhost-startStop-1] org.apache.catalina.startup.HostConfig.deployDirectory Deploying web application directory [C:\Users\Admin\Desktop\GlobalBooksSOA\apache-tomcat-8.5.100\webapps\manager]
05-Sep-2025 18:49:52.434 INFO [localhost-startStop-1] org.apache.catalina.startup.HostConfig.deployDirectory Deployment of web application directory [C:\Users\Admin\Desktop\GlobalBooksSOA\apache-tomcat-8.5.100\webapps\manager] has finished in [98] ms
05-Sep-2025 18:49:52.435 INFO [localhost-startStop-1] org.apache.catalina.startup.HostConfig.deployDirectory Deploying web application directory [C:\Users\Admin\Desktop\GlobalBooksSOA\apache-tomcat-8.5.100\webapps\ROOT]
05-Sep-2025 18:49:52.478 INFO [localhost-startStop-1] org.apache.catalina.startup.HostConfig.deployDirectory Deployment of web application directory [C:\Users\Admin\Desktop\GlobalBooksSOA\apache-tomcat-8.5.100\webapps\ROOT] has finished in [43] ms
05-Sep-2025 18:49:52.486 INFO [main] org.apache.coyote.AbstractProtocol.start Starting ProtocolHandler ["http-nio-8080"]
05-Sep-2025 18:49:52.519 INFO [main] org.apache.catalina.startup.Catalina.start Server startup in 27173 ms
